<?xml version="1.0" encoding="UTF-8"?>
<!-- Generated by org.testng.reporters.JUnitXMLReporter -->
<testsuite ignored="1" hostname="LAPTOP-3VNJ0AM7" failures="0" tests="1" name="Default test" time="17.659" errors="0" timestamp="2025-05-29T22:32:12 IST">
  <testcase classname="software.Testing.Board.Site.HomePageTests" name="TC_HP_001" time="14.575"/>
  <testcase classname="software.Testing.Board.Site.HomePageTests" name="TC_HP_002" time="0.0">
    <ignored/>
  </testcase> <!-- TC_HP_002 -->
</testsuite> <!-- Default test -->
