<?xml version="1.0" encoding="UTF-8"?>
<!-- Generated by org.testng.reporters.JUnitXMLReporter -->
<testsuite ignored="0" hostname="LAPTOP-3VNJ0AM7" failures="0" tests="5" name="Default test" time="50.299" errors="0" timestamp="2025-05-28T20:40:58 IST">
  <testcase classname="software.Testing.Board.Site.CreateAccountTest" name="TC01" time="3.566"/>
  <testcase classname="software.Testing.Board.Site.CreateAccountTest" name="TC02" time="3.498"/>
  <testcase classname="software.Testing.Board.Site.CreateAccountTest" name="TC03" time="3.387"/>
  <testcase classname="software.Testing.Board.Site.CreateAccountTest" name="TC04" time="1.702"/>
  <testcase classname="software.Testing.Board.Site.CreateAccountTest" name="TC05" time="1.82"/>
</testsuite> <!-- Default test -->
