<?xml version="1.0" encoding="UTF-8"?>
<testng-results ignored="0" total="1" passed="1" failed="0" skipped="0">
  <reporter-output>
  </reporter-output>
  <suite started-at="2025-05-29T22:15:41 IST" name="Default suite" finished-at="2025-05-29T22:16:01 IST" duration-ms="19217">
    <groups>
    </groups>
    <test started-at="2025-05-29T22:15:41 IST" name="Default test" finished-at="2025-05-29T22:16:01 IST" duration-ms="19217">
      <class name="software.Testing.Board.Site.HomePageTests">
        <test-method is-config="true" signature="setup()[pri:0, instance:software.Testing.Board.Site.HomePageTests@3b69e7d1]" started-at="2025-05-29T22:15:41 IST" name="setup" finished-at="2025-05-29T22:15:49 IST" duration-ms="7329" status="PASS">
          <reporter-output>
          </reporter-output>
        </test-method> <!-- setup -->
        <test-method signature="TC_HP_001()[pri:0, instance:software.Testing.Board.Site.HomePageTests@3b69e7d1]" started-at="2025-05-29T22:15:49 IST" name="TC_HP_001" finished-at="2025-05-29T22:16:00 IST" duration-ms="11565" status="PASS">
          <reporter-output>
          </reporter-output>
        </test-method> <!-- TC_HP_001 -->
        <test-method is-config="true" signature="teardown()[pri:0, instance:software.Testing.Board.Site.HomePageTests@3b69e7d1]" started-at="2025-05-29T22:16:00 IST" name="teardown" finished-at="2025-05-29T22:16:01 IST" duration-ms="277" status="PASS">
          <reporter-output>
          </reporter-output>
        </test-method> <!-- teardown -->
      </class> <!-- software.Testing.Board.Site.HomePageTests -->
    </test> <!-- Default test -->
  </suite> <!-- Default suite -->
</testng-results>
