<?xml version="1.0" encoding="UTF-8"?>
<testng-results ignored="1" total="2" passed="1" failed="0" skipped="0">
  <reporter-output>
  </reporter-output>
  <suite started-at="2025-05-29T22:31:55 IST" name="Default suite" finished-at="2025-05-29T22:32:12 IST" duration-ms="17659">
    <groups>
    </groups>
    <test started-at="2025-05-29T22:31:55 IST" name="Default test" finished-at="2025-05-29T22:32:12 IST" duration-ms="17659">
      <class name="software.Testing.Board.Site.HomePageTests">
        <test-method is-config="true" signature="setup()[pri:0, instance:software.Testing.Board.Site.HomePageTests@815b41f]" started-at="2025-05-29T22:31:55 IST" name="setup" finished-at="2025-05-29T22:31:58 IST" duration-ms="2742" status="PASS">
          <reporter-output>
          </reporter-output>
        </test-method> <!-- setup -->
        <test-method signature="TC_HP_001()[pri:0, instance:software.Testing.Board.Site.HomePageTests@815b41f]" started-at="2025-05-29T22:31:58 IST" name="TC_HP_001" finished-at="2025-05-29T22:32:12 IST" duration-ms="14575" status="PASS">
          <reporter-output>
          </reporter-output>
        </test-method> <!-- TC_HP_001 -->
        <test-method is-config="true" signature="teardown()[pri:0, instance:software.Testing.Board.Site.HomePageTests@815b41f]" started-at="2025-05-29T22:32:12 IST" name="teardown" finished-at="2025-05-29T22:32:12 IST" duration-ms="298" status="PASS">
          <reporter-output>
          </reporter-output>
        </test-method> <!-- teardown -->
      </class> <!-- software.Testing.Board.Site.HomePageTests -->
    </test> <!-- Default test -->
  </suite> <!-- Default suite -->
</testng-results>
